<?xml version="1.0" encoding="UTF-8"?>
<testsuite name="SumCalculatorTests" tests="3" skipped="0" failures="0" errors="0" timestamp="2023-06-03T17:07:47" hostname="DESKTOP-5GVEEOI" time="0.02">
  <properties/>
  <testcase name="testThatSum3WorksCorrect()" classname="SumCalculatorTests" time="0.014"/>
  <testcase name="testThatSum1WorksCorrect()" classname="SumCalculatorTests" time="0.001"/>
  <testcase name="testThatSum0WorksCorrect()" classname="SumCalculatorTests" time="0.002"/>
  <system-out><![CDATA[]]></system-out>
  <system-err><![CDATA[]]></system-err>
</testsuite>
